Warning: no access to tty (Bad file descriptor).
Thus no job control in this shell.

                            < M A T L A B (R) >
                  Copyright 1984-2015 The MathWorks, Inc.
                   R2015a (8.5.0.197613) 64-bit (glnxa64)
                             February 12, 2015

 
To get started, type one of these: helpwin, helpdesk, or demo.
For product information, visit www.mathworks.com.
 

	Academic License

{Undefined function or variable 'p'.

Error in twomer_NN (line 55)
pt = compoint( p, [ x( : ), y( : ), z( : ) ], 'mindist', 1.5 );
} 
Warning: no access to tty (Bad file descriptor).
Thus no job control in this shell.

                            < M A T L A B (R) >
                  Copyright 1984-2015 The MathWorks, Inc.
                   R2015a (8.5.0.197613) 64-bit (glnxa64)
                             February 12, 2015

 
To get started, type one of these: helpwin, helpdesk, or demo.
For product information, visit www.mathworks.com.
 

	Academic License


imp =

         0    2.6000

{Undefined function or variable 'p'.

Error in twomer_NS (line 55)
pt = compoint( p, [ x( : ), y( : ), z( : ) ], 'mindist', 1.5 );
} 
>> 