Warning: no access to tty (Bad file descriptor).
Thus no job control in this shell.

                            < M A T L A B (R) >
                  Copyright 1984-2015 The MathWorks, Inc.
                   R2015a (8.5.0.197613) 64-bit (glnxa64)
                             February 12, 2015

 
To get started, type one of these: helpwin, helpdesk, or demo.
For product information, visit www.mathworks.com.
 

	Academic License


imp =

  -42.8683   22.5000

{Undefined function or variable 'r0'.

Error in threemer_NNN (line 52)
  SizeY=11*r0;
} 
Warning: no access to tty (Bad file descriptor).
Thus no job control in this shell.

                            < M A T L A B (R) >
                  Copyright 1984-2015 The MathWorks, Inc.
                   R2015a (8.5.0.197613) 64-bit (glnxa64)
                             February 12, 2015

 
To get started, type one of these: helpwin, helpdesk, or demo.
For product information, visit www.mathworks.com.
 

	Academic License


imp =

  -42.8683   22.5000


imp =

  -57.1577   30.0000


imp =

  -71.4471   37.5000


imp =

  -85.7365   45.0000

>> 