Warning: no access to tty (Bad file descriptor).
Thus no job control in this shell.

                            < M A T L A B (R) >
                  Copyright 1984-2015 The MathWorks, Inc.
                   R2015a (8.5.0.197613) 64-bit (glnxa64)
                             February 12, 2015

 
To get started, type one of these: helpwin, helpdesk, or demo.
For product information, visit www.mathworks.com.
 

	Academic License


imp =

  -38.9711   24.7500

{Undefined function or variable 'r0'.

Error in threemer_NSN (line 53)
  SizeY=11*r0;
} 
Warning: no access to tty (Bad file descriptor).
Thus no job control in this shell.

                            < M A T L A B (R) >
                  Copyright 1984-2015 The MathWorks, Inc.
                   R2015a (8.5.0.197613) 64-bit (glnxa64)
                             February 12, 2015

 
To get started, type one of these: helpwin, helpdesk, or demo.
For product information, visit www.mathworks.com.
 

	Academic License


imp =

  -38.9711   24.7500


imp =

  -51.9615   33.0000


imp =

  -64.9519   41.2500


imp =

  -77.9423   49.5000

